Flow report for DE2_CCD
Wed Dec 08 10:46:35 2010
Quartus II Version 10.0 Build 218 06/27/2010 SJ Full Version


---------------------
; Table of Contents ;
---------------------
  1. Legal Notice
  2. Flow Summary
  3. Flow Settings
  4. Flow Non-Default Global Settings
  5. Flow Elapsed Time
  6. Flow OS Summary
  7. Flow Log



----------------
; Legal Notice ;
----------------
Copyright (C) 1991-2010 Altera Corporation
Your use of Altera Corporation's design tools, logic functions 
and other software and tools, and its AMPP partner logic 
functions, and any output files from any of the foregoing 
(including device programming or simulation files), and any 
associated documentation or information are expressly subject 
to the terms and conditions of the Altera Program License 
Subscription Agreement, Altera MegaCore Function License 
Agreement, or other applicable license agreement, including, 
without limitation, that your use is for the sole purpose of 
programming logic devices manufactured by Altera and sold by 
Altera or its authorized distributors.  Please refer to the 
applicable agreement for further details.



+--------------------------------------------------------------------------------+
; Flow Summary                                                                   ;
+------------------------------------+-------------------------------------------+
; Flow Status                        ; Successful - Wed Dec 08 10:46:33 2010     ;
; Quartus II Version                 ; 10.0 Build 218 06/27/2010 SJ Full Version ;
; Revision Name                      ; DE2_CCD                                   ;
; Top-level Entity Name              ; DE2_CCD                                   ;
; Family                             ; Cyclone II                                ;
; Device                             ; EP2C35F672C6                              ;
; Timing Models                      ; Final                                     ;
; Met timing requirements            ; No                                        ;
; Total logic elements               ; 2,838 / 33,216 ( 9 % )                    ;
;     Total combinational functions  ; 2,572 / 33,216 ( 8 % )                    ;
;     Dedicated logic registers      ; 1,181 / 33,216 ( 4 % )                    ;
; Total registers                    ; 1193                                      ;
; Total pins                         ; 425 / 475 ( 89 % )                        ;
; Total virtual pins                 ; 0                                         ;
; Total memory bits                  ; 338,648 / 483,840 ( 70 % )                ;
; Embedded Multiplier 9-bit elements ; 0 / 70 ( 0 % )                            ;
; Total PLLs                         ; 1 / 4 ( 25 % )                            ;
+------------------------------------+-------------------------------------------+


+-----------------------------------------+
; Flow Settings                           ;
+-------------------+---------------------+
; Option            ; Setting             ;
+-------------------+---------------------+
; Start date & time ; 12/08/2010 10:43:48 ;
; Main task         ; Compilation         ;
; Revision Name     ; DE2_CCD             ;
+-------------------+---------------------+


+------------------------------------------------------------------------------------------------+
; Flow Non-Default Global Settings                                                               ;
+-----------------------+-----------------------------+---------------+-------------+------------+
; Assignment Name       ; Value                       ; Default Value ; Entity Name ; Section Id ;
+-----------------------+-----------------------------+---------------+-------------+------------+
; COMPILER_SIGNATURE_ID ; 86474413292.129182302803548 ; --            ; --          ; --         ;
; IP_TOOL_NAME          ; RAM: 2-PORT                 ; --            ; --          ; --         ;
; IP_TOOL_VERSION       ; 10.0                        ; --            ; --          ; --         ;
; MISC_FILE             ; mem_inst.v                  ; --            ; --          ; --         ;
; MISC_FILE             ; mem_bb.v                    ; --            ; --          ; --         ;
+-----------------------+-----------------------------+---------------+-------------+------------+


+-----------------------------------------------------------------------------------------------------------------------------+
; Flow Elapsed Time                                                                                                           ;
+-------------------------+--------------+-------------------------+---------------------+------------------------------------+
; Module Name             ; Elapsed Time ; Average Processors Used ; Peak Virtual Memory ; Total CPU Time (on all processors) ;
+-------------------------+--------------+-------------------------+---------------------+------------------------------------+
; Analysis & Synthesis    ; 00:00:51     ; 1.0                     ; 285 MB              ; 00:00:41                           ;
; Fitter                  ; 00:01:24     ; 1.0                     ; 363 MB              ; 00:01:12                           ;
; Assembler               ; 00:00:19     ; 1.0                     ; 288 MB              ; 00:00:05                           ;
; Classic Timing Analyzer ; 00:00:18     ; 1.0                     ; 212 MB              ; 00:00:07                           ;
; Total                   ; 00:02:52     ; --                      ; --                  ; 00:02:05                           ;
+-------------------------+--------------+-------------------------+---------------------+------------------------------------+


+------------------------------------------------------------------------------------------+
; Flow OS Summary                                                                          ;
+-------------------------+------------------+---------------+------------+----------------+
; Module Name             ; Machine Hostname ; OS Name       ; OS Version ; Processor type ;
+-------------------------+------------------+---------------+------------+----------------+
; Analysis & Synthesis    ; PH238-03         ; Windows Vista ; 6.1        ; i1586          ;
; Fitter                  ; PH238-03         ; Windows Vista ; 6.1        ; i1586          ;
; Assembler               ; PH238-03         ; Windows Vista ; 6.1        ; i1586          ;
; Classic Timing Analyzer ; PH238-03         ; Windows Vista ; 6.1        ; i1586          ;
+-------------------------+------------------+---------------+------------+----------------+


------------
; Flow Log ;
------------
quartus_map --read_settings_files=on --write_settings_files=off DE2_CCD -c DE2_CCD
quartus_fit --read_settings_files=off --write_settings_files=off DE2_CCD -c DE2_CCD
quartus_asm --read_settings_files=off --write_settings_files=off DE2_CCD -c DE2_CCD
quartus_tan --read_settings_files=off --write_settings_files=off DE2_CCD -c DE2_CCD --timing_analysis_only



